<?xml version="1.0" encoding="UTF-8"?>
<!-- Generated by org.testng.reporters.JUnitReportReporter -->
<testsuite hostname="DESKTOP-U2O2EFF" failures="0" tests="2" name="org.test.TestNG1" time="64.680" errors="0" timestamp="2023-12-13T15:36:45 IST" skipped="0">
  <testcase classname="org.test.TestNG1" name="TC1" time="22.809"/>
  <system-out/>
  <testcase classname="org.test.TestNG1" name="TC3" time="41.871"/>
  <system-out/>
</testsuite> <!-- org.test.TestNG1 -->
